----------------------------------------------------------------------
Date:[2018-07-03 19:11:54]
Memo:[aa]
----------------------------------------------------------------------
Date:[2018-07-03 19:11:54]
Memo:[bb]
----------------------------------------------------------------------
Date:[2018-07-03 19:11:54]
Memo:[cc]
----------------------------------------------------------------------
Date:[2018-07-03 19:13:12]
Memo:[aa]
----------------------------------------------------------------------
Date:[2018-07-03 19:13:12]
Memo:[bb]
----------------------------------------------------------------------
Date:[2018-07-03 19:13:12]
Memo:[cc]
----------------------------------------------------------------------
Date:[2018-07-03 19:13:12]
Memo:[我爱北京天安门]
